<?xml version="1.0" encoding="UTF-8"?>
<!-- Generated by org.testng.reporters.JUnitReportReporter -->
<testsuite hostname="DESKTOP-90SH742" failures="0" tests="2" name="testngtutorial.Day3" time="0.004" errors="0" timestamp="2023-07-20T21:40:43 IST" skipped="0">
  <testcase classname="testngtutorial.Day3" name="webloginHomeLoan" time="0.002"/>
  <testcase classname="testngtutorial.Day3" name="loginAPIHomeLoan" time="0.002"/>
</testsuite> <!-- testngtutorial.Day3 -->
