<?xml version="1.0" encoding="UTF-8"?>
<!-- Generated by org.testng.reporters.JUnitReportReporter -->
<testsuite hostname="DESKTOP-90SH742" failures="0" tests="2" name="testngtutorial.Day1" time="0.019" errors="0" timestamp="2023-07-20T21:40:43 IST" skipped="0">
  <testcase classname="testngtutorial.Day1" name="secondTest" time="0.010"/>
  <testcase classname="testngtutorial.Day1" name="Demo" time="0.009"/>
</testsuite> <!-- testngtutorial.Day1 -->
