<?xml version="1.0" encoding="UTF-8"?>
<!-- Generated by org.testng.reporters.JUnitReportReporter -->
<testsuite hostname="DESKTOP-90SH742" failures="0" tests="1" name="testngtutorial.Day2" time="0.003" errors="0" timestamp="2023-07-20T21:40:43 IST" skipped="0">
  <testcase classname="testngtutorial.Day2" name="ploan" time="0.003"/>
</testsuite> <!-- testngtutorial.Day2 -->
